# JRE version: OpenJDK Runtime Environment Microsoft-8035246 (17.0.8+7) (build 17.0.8+7-LTS)
# Java VM: OpenJDK 64-Bit Server VM Microsoft-8035246 (17.0.8+7-LTS, mixed mode, sharing, tiered, compressed oops, compressed class ptrs, g1 gc, windows-amd64)
GC Precious Log:
 CPUs: 8 total, 8 available
 Memory: 7879M
 Large Page Support: Disabled
 NUMA Support: Disabled
 Compressed Oops: Enabled (32-bit)
 Heap Region Size: 1M
 Heap Min Capacity: 8M
 Heap Initial Capacity: 124M
 Heap Max Capacity: 2G
 Pre-touch: Disabled
 Parallel Workers: 8
 Concurrent Workers: 2
 Concurrent Refinement Workers: 8
 Periodic GC: Disabled
Heap:
 garbage-first heap   total 293888K, used 185033K [0x0000000080000000, 0x0000000100000000)
  region size 1024K, 58 young (59392K), 8 survivors (8192K)
 Metaspace       used 104650K, committed 105536K, reserved 557056K
  class space    used 14104K, committed 14592K, reserved 425984K
GC Heap History (20 events):
Event: 85.488 GC heap before
{Heap before GC invocations=45 (full 0):
 garbage-first heap   total 157696K, used 91955K [0x0000000080000000, 0x0000000100000000)
  region size 1024K, 7 young (7168K), 3 survivors (3072K)
 Metaspace       used 73892K, committed 74624K, reserved 491520K
  class space    used 10261K, committed 10624K, reserved 425984K
}
Event: 85.491 GC heap after
{Heap after GC invocations=46 (full 0):
 garbage-first heap   total 157696K, used 88008K [0x0000000080000000, 0x0000000100000000)
  region size 1024K, 1 young (1024K), 1 survivors (1024K)
 Metaspace       used 73892K, committed 74624K, reserved 491520K
  class space    used 10261K, committed 10624K, reserved 425984K
}
Event: 86.457 GC heap before
{Heap before GC invocations=46 (full 0):
 garbage-first heap   total 157696K, used 122824K [0x0000000080000000, 0x0000000100000000)
  region size 1024K, 35 young (35840K), 1 survivors (1024K)
 Metaspace       used 76658K, committed 77440K, reserved 557056K
  class space    used 10630K, committed 11008K, reserved 425984K
}
Event: 86.467 GC heap after
{Heap after GC invocations=47 (full 0):
 garbage-first heap   total 293888K, used 89433K [0x0000000080000000, 0x0000000100000000)
  region size 1024K, 2 young (2048K), 2 survivors (2048K)
 Metaspace       used 76658K, committed 77440K, reserved 557056K
  class space    used 10630K, committed 11008K, reserved 425984K
}
Event: 93.975 GC heap before
{Heap before GC invocations=48 (full 0):
 garbage-first heap   total 293888K, used 211289K [0x0000000080000000, 0x0000000100000000)
  region size 1024K, 124 young (126976K), 2 survivors (2048K)
 Metaspace       used 83141K, committed 83904K, reserved 557056K
  class space    used 11604K, committed 11968K, reserved 425984K
}
Event: 93.988 GC heap after
{Heap after GC invocations=49 (full 0):
 garbage-first heap   total 293888K, used 92156K [0x0000000080000000, 0x0000000100000000)
  region size 1024K, 9 young (9216K), 9 survivors (9216K)
 Metaspace       used 83141K, committed 83904K, reserved 557056K
  class space    used 11604K, committed 11968K, reserved 425984K
}
Event: 94.103 GC heap before
{Heap before GC invocations=49 (full 0):
 garbage-first heap   total 293888K, used 97276K [0x0000000080000000, 0x0000000100000000)
  region size 1024K, 14 young (14336K), 9 survivors (9216K)
 Metaspace       used 83575K, committed 84352K, reserved 557056K
  class space    used 11717K, committed 12096K, reserved 425984K
}
Event: 94.150 GC heap after
{Heap after GC invocations=50 (full 0):
 garbage-first heap   total 293888K, used 92700K [0x0000000080000000, 0x0000000100000000)
  region size 1024K, 2 young (2048K), 2 survivors (2048K)
 Metaspace       used 83575K, committed 84352K, reserved 557056K
  class space    used 11717K, committed 12096K, reserved 425984K
}
Event: 97.308 GC heap before
{Heap before GC invocations=50 (full 0):
 garbage-first heap   total 293888K, used 218652K [0x0000000080000000, 0x0000000100000000)
  region size 1024K, 125 young (128000K), 2 survivors (2048K)
 Metaspace       used 92961K, committed 93760K, reserved 557056K
  class space    used 13015K, committed 13440K, reserved 425984K
}
Event: 97.322 GC heap after
{Heap after GC invocations=51 (full 0):
 garbage-first heap   total 293888K, used 99565K [0x0000000080000000, 0x0000000100000000)
  region size 1024K, 8 young (8192K), 8 survivors (8192K)
 Metaspace       used 92961K, committed 93760K, reserved 557056K
  class space    used 13015K, committed 13440K, reserved 425984K
}
Event: 100.091 GC heap before
{Heap before GC invocations=51 (full 0):
 garbage-first heap   total 293888K, used 228589K [0x0000000080000000, 0x0000000100000000)
  region size 1024K, 130 young (133120K), 8 survivors (8192K)
 Metaspace       used 97122K, committed 97920K, reserved 557056K
  class space    used 13451K, committed 13888K, reserved 425984K
}
Event: 100.154 GC heap after
{Heap after GC invocations=52 (full 0):
 garbage-first heap   total 293888K, used 111055K [0x0000000080000000, 0x0000000100000000)
  region size 1024K, 17 young (17408K), 17 survivors (17408K)
 Metaspace       used 97122K, committed 97920K, reserved 557056K
  class space    used 13451K, committed 13888K, reserved 425984K
}
Event: 103.068 GC heap before
{Heap before GC invocations=52 (full 0):
 garbage-first heap   total 293888K, used 244175K [0x0000000080000000, 0x0000000100000000)
  region size 1024K, 132 young (135168K), 17 survivors (17408K)
 Metaspace       used 97394K, committed 98240K, reserved 557056K
  class space    used 13456K, committed 13888K, reserved 425984K
}
Event: 103.154 GC heap after
{Heap after GC invocations=53 (full 0):
 garbage-first heap   total 293888K, used 120589K [0x0000000080000000, 0x0000000100000000)
  region size 1024K, 10 young (10240K), 10 survivors (10240K)
 Metaspace       used 97394K, committed 98240K, reserved 557056K
  class space    used 13456K, committed 13888K, reserved 425984K
}
Event: 105.171 GC heap before
{Heap before GC invocations=53 (full 0):
 garbage-first heap   total 293888K, used 251661K [0x0000000080000000, 0x0000000100000000)
  region size 1024K, 119 young (121856K), 10 survivors (10240K)
 Metaspace       used 97788K, committed 98624K, reserved 557056K
  class space    used 13487K, committed 13888K, reserved 425984K
}
Event: 105.208 GC heap after
{Heap after GC invocations=54 (full 0):
 garbage-first heap   total 293888K, used 128485K [0x0000000080000000, 0x0000000100000000)
  region size 1024K, 8 young (8192K), 8 survivors (8192K)
 Metaspace       used 97788K, committed 98624K, reserved 557056K
  class space    used 13487K, committed 13888K, reserved 425984K
}
Event: 139.671 GC heap before
{Heap before GC invocations=54 (full 0):
 garbage-first heap   total 293888K, used 239077K [0x0000000080000000, 0x0000000100000000)
  region size 1024K, 113 young (115712K), 8 survivors (8192K)
 Metaspace       used 102803K, committed 103680K, reserved 557056K
  class space    used 14024K, committed 14464K, reserved 425984K
}
Event: 139.814 GC heap after
{Heap after GC invocations=55 (full 0):
 garbage-first heap   total 293888K, used 133650K [0x0000000080000000, 0x0000000100000000)
  region size 1024K, 13 young (13312K), 13 survivors (13312K)
 Metaspace       used 102803K, committed 103680K, reserved 557056K
  class space    used 14024K, committed 14464K, reserved 425984K
}
Event: 3761.838 GC heap before
{Heap before GC invocations=55 (full 0):
 garbage-first heap   total 293888K, used 238097K [0x0000000080000000, 0x0000000100000000)
  region size 1024K, 116 young (118784K), 13 survivors (13312K)
 Metaspace       used 104121K, committed 104960K, reserved 557056K
  class space    used 14093K, committed 14528K, reserved 425984K
}
Event: 3762.053 GC heap after
{Heap after GC invocations=56 (full 0):
 garbage-first heap   total 293888K, used 135881K [0x0000000080000000, 0x0000000100000000)
  region size 1024K, 8 young (8192K), 8 survivors (8192K)
 Metaspace       used 104121K, committed 104960K, reserved 557056K
  class space    used 14093K, committed 14528K, reserved 425984K
}

